<?xml version="1.0" encoding="UTF-8"?>
<testsuite xmlns:xsi="http://www.w3.org/2001/XMLSchema-instance" xsi:noNamespaceSchemaLocation="https://maven.apache.org/surefire/maven-surefire-plugin/xsd/surefire-test-report-3.0.xsd" version="3.0" name="ie.PassengerAssignment.PassengerTest" time="0.129" tests="12" errors="0" skipped="0" failures="0">
  <properties>
    <property name="java.specification.version" value="17"/>
    <property name="sun.cpu.isalist" value="amd64"/>
    <property name="sun.jnu.encoding" value="Cp1252"/>
    <property name="java.class.path" value="C:\Users\igorl\cicd_passenger_assignment_org\target\test-classes;C:\Users\igorl\cicd_passenger_assignment_org\target\classes;C:\Users\igorl\.m2\repository\org\junit\jupiter\junit-jupiter-api\5.9.1\junit-jupiter-api-5.9.1.jar;C:\Users\igorl\.m2\repository\org\opentest4j\opentest4j\1.2.0\opentest4j-1.2.0.jar;C:\Users\igorl\.m2\repository\org\junit\platform\junit-platform-commons\1.9.1\junit-platform-commons-1.9.1.jar;C:\Users\igorl\.m2\repository\org\apiguardian\apiguardian-api\1.1.2\apiguardian-api-1.1.2.jar;C:\Users\igorl\.m2\repository\org\junit\jupiter\junit-jupiter-engine\5.9.1\junit-jupiter-engine-5.9.1.jar;C:\Users\igorl\.m2\repository\org\junit\platform\junit-platform-engine\1.9.1\junit-platform-engine-1.9.1.jar;"/>
    <property name="java.vm.vendor" value="Oracle Corporation"/>
    <property name="sun.arch.data.model" value="64"/>
    <property name="user.variant" value=""/>
    <property name="java.vendor.url" value="https://java.oracle.com/"/>
    <property name="user.timezone" value="Europe/London"/>
    <property name="os.name" value="Windows 10"/>
    <property name="java.vm.specification.version" value="17"/>
    <property name="sun.java.launcher" value="SUN_STANDARD"/>
    <property name="user.country" value="GB"/>
    <property name="sun.boot.library.path" value="C:\Program Files\Java\jdk-17.0.1\bin"/>
    <property name="sun.java.command" value="C:\Users\igorl\AppData\Local\Temp\surefire10830634611842126119\surefirebooter-20221104204749285_3.jar C:\Users\igorl\AppData\Local\Temp\surefire10830634611842126119 2022-11-04T20-47-48_921-jvmRun1 surefire-20221104204749285_1tmp surefire_0-20221104204749285_2tmp"/>
    <property name="jdk.debug" value="release"/>
    <property name="surefire.test.class.path" value="C:\Users\igorl\cicd_passenger_assignment_org\target\test-classes;C:\Users\igorl\cicd_passenger_assignment_org\target\classes;C:\Users\igorl\.m2\repository\org\junit\jupiter\junit-jupiter-api\5.9.1\junit-jupiter-api-5.9.1.jar;C:\Users\igorl\.m2\repository\org\opentest4j\opentest4j\1.2.0\opentest4j-1.2.0.jar;C:\Users\igorl\.m2\repository\org\junit\platform\junit-platform-commons\1.9.1\junit-platform-commons-1.9.1.jar;C:\Users\igorl\.m2\repository\org\apiguardian\apiguardian-api\1.1.2\apiguardian-api-1.1.2.jar;C:\Users\igorl\.m2\repository\org\junit\jupiter\junit-jupiter-engine\5.9.1\junit-jupiter-engine-5.9.1.jar;C:\Users\igorl\.m2\repository\org\junit\platform\junit-platform-engine\1.9.1\junit-platform-engine-1.9.1.jar;"/>
    <property name="sun.cpu.endian" value="little"/>
    <property name="user.home" value="C:\Users\igorl"/>
    <property name="user.language" value="en"/>
    <property name="java.specification.vendor" value="Oracle Corporation"/>
    <property name="java.version.date" value="2021-10-19"/>
    <property name="java.home" value="C:\Program Files\Java\jdk-17.0.1"/>
    <property name="file.separator" value="\"/>
    <property name="basedir" value="C:\Users\igorl\cicd_passenger_assignment_org"/>
    <property name="java.vm.compressedOopsMode" value="32-bit"/>
    <property name="line.separator" value="&#10;"/>
    <property name="java.vm.specification.vendor" value="Oracle Corporation"/>
    <property name="java.specification.name" value="Java Platform API Specification"/>
    <property name="surefire.real.class.path" value="C:\Users\igorl\AppData\Local\Temp\surefire10830634611842126119\surefirebooter-20221104204749285_3.jar"/>
    <property name="user.script" value=""/>
    <property name="sun.management.compiler" value="HotSpot 64-Bit Tiered Compilers"/>
    <property name="java.runtime.version" value="17.0.1+12-LTS-39"/>
    <property name="user.name" value="igorl"/>
    <property name="path.separator" value=";"/>
    <property name="os.version" value="10.0"/>
    <property name="java.runtime.name" value="Java(TM) SE Runtime Environment"/>
    <property name="file.encoding" value="Cp1252"/>
    <property name="java.vm.name" value="Java HotSpot(TM) 64-Bit Server VM"/>
    <property name="localRepository" value="C:\Users\igorl\.m2\repository"/>
    <property name="java.vendor.url.bug" value="https://bugreport.java.com/bugreport/"/>
    <property name="java.io.tmpdir" value="C:\Users\igorl\AppData\Local\Temp\"/>
    <property name="idea.version" value="2021.3.1"/>
    <property name="java.version" value="17.0.1"/>
    <property name="user.dir" value="C:\Users\igorl\cicd_passenger_assignment_org"/>
    <property name="os.arch" value="amd64"/>
    <property name="java.vm.specification.name" value="Java Virtual Machine Specification"/>
    <property name="sun.os.patch.level" value=""/>
    <property name="native.encoding" value="Cp1252"/>
    <property name="java.library.path" value="C:\Program Files\Java\jdk-17.0.1\bin;C:\WINDOWS\Sun\Java\bin;C:\WINDOWS\system32;C:\WINDOWS;C:\Program Files\Common Files\Oracle\Java\javapath;C:\Windows\system32;C:\Windows;C:\Windows\System32\Wbem;C:\Windows\System32\WindowsPowerShell\v1.0\;C:\Windows\System32\OpenSSH\;C:\Program Files (x86)\NVIDIA Corporation\PhysX\Common;C:\Program Files\NVIDIA Corporation\NVIDIA NvDLISR;C:\WINDOWS\system32;C:\WINDOWS;C:\WINDOWS\System32\Wbem;C:\WINDOWS\System32\WindowsPowerShell\v1.0\;C:\WINDOWS\System32\OpenSSH\;C:\Program Files\Microsoft SQL Server\150\Tools\Binn\;C:\Program Files\Microsoft SQL Server\Client SDK\ODBC\170\Tools\Binn\;C:\Program Files\dotnet\;C:\Program Files\Git\cmd;C:\Users\igorl\AppData\Local\Microsoft\WindowsApps;C:\Users\igorl\.dotnet\tools;."/>
    <property name="java.vm.info" value="mixed mode, sharing"/>
    <property name="java.vendor" value="Oracle Corporation"/>
    <property name="java.vm.version" value="17.0.1+12-LTS-39"/>
    <property name="sun.io.unicode.encoding" value="UnicodeLittle"/>
    <property name="java.class.version" value="61.0"/>
  </properties>
  <testcase name="Test_InvalidAge" classname="ie.PassengerAssignment.PassengerTest" time="0.062">
    <system-out><![CDATA[Too young to fly seat not reserved
]]></system-out>
  </testcase>
  <testcase name="Test_InvalidID" classname="ie.PassengerAssignment.PassengerTest" time="0.006">
    <system-out><![CDATA[the id you have typed is invalid: 12349
]]></system-out>
  </testcase>
  <testcase name="Test_InvalidPhone" classname="ie.PassengerAssignment.PassengerTest" time="0.002">
    <system-out><![CDATA[phone you have typed is invalid: 1234
]]></system-out>
  </testcase>
  <testcase name="Test_InvalidTitle" classname="ie.PassengerAssignment.PassengerTest" time="0.002">
    <system-out><![CDATA[Error!, You must enter a correct title(Mr/Ms/Mrs). 
]]></system-out>
  </testcase>
  <testcase name="test_ValidMrTitle" classname="ie.PassengerAssignment.PassengerTest" time="0.001">
    <system-out><![CDATA[Title selected
]]></system-out>
  </testcase>
  <testcase name="test_ValidMsTitle" classname="ie.PassengerAssignment.PassengerTest" time="0.003">
    <system-out><![CDATA[Title selected
]]></system-out>
  </testcase>
  <testcase name="Test_InvalidName" classname="ie.PassengerAssignment.PassengerTest" time="0.002">
    <system-out><![CDATA[Error!, You must enter a Name(min 3 char). 
]]></system-out>
  </testcase>
  <testcase name="test_ValidID" classname="ie.PassengerAssignment.PassengerTest" time="0.001"/>
  <testcase name="test_ValidPhone" classname="ie.PassengerAssignment.PassengerTest" time="0"/>
  <testcase name="test_ValidName" classname="ie.PassengerAssignment.PassengerTest" time="0.001"/>
  <testcase name="test_ValidMrsTitle" classname="ie.PassengerAssignment.PassengerTest" time="0.001">
    <system-out><![CDATA[Title selected
]]></system-out>
  </testcase>
  <testcase name="test_ValidAge" classname="ie.PassengerAssignment.PassengerTest" time="0">
    <system-out><![CDATA[Seat Reserved(over 16)
]]></system-out>
  </testcase>
</testsuite>